mode: set
prayertexter/main.go:20.110,23.63 2 0
prayertexter/main.go:23.63,26.3 2 0
prayertexter/main.go:28.2,29.16 2 0
prayertexter/main.go:29.16,32.3 2 0
prayertexter/main.go:34.2,38.93 3 0
prayertexter/main.go:41.13,43.2 1 0
prayertexter/app/dynamodb.go:27.47,29.16 2 0
prayertexter/app/dynamodb.go:29.16,32.3 2 0
prayertexter/app/dynamodb.go:34.2,35.16 2 0
prayertexter/app/dynamodb.go:35.16,38.3 2 0
prayertexter/app/dynamodb.go:40.2,42.11 2 0
prayertexter/app/dynamodb.go:42.11,43.64 1 0
prayertexter/app/dynamodb.go:43.64,45.4 1 0
prayertexter/app/dynamodb.go:46.8,48.3 1 0
prayertexter/app/dynamodb.go:50.2,50.18 1 0
prayertexter/app/dynamodb.go:53.91,62.2 2 1
prayertexter/app/dynamodb.go:64.91,71.2 2 1
prayertexter/app/dynamodb.go:73.64,82.2 2 1
prayertexter/app/intercessorphones.go:24.58,27.16 2 1
prayertexter/app/intercessorphones.go:27.16,30.3 2 0
prayertexter/app/intercessorphones.go:32.2,32.67 1 1
prayertexter/app/intercessorphones.go:32.67,35.3 2 0
prayertexter/app/intercessorphones.go:37.2,37.12 1 1
prayertexter/app/intercessorphones.go:40.58,44.16 3 1
prayertexter/app/intercessorphones.go:44.16,47.3 2 0
prayertexter/app/intercessorphones.go:49.2,49.68 1 1
prayertexter/app/intercessorphones.go:49.68,52.3 2 1
prayertexter/app/intercessorphones.go:54.2,54.12 1 1
prayertexter/app/intercessorphones.go:57.52,59.2 1 1
prayertexter/app/intercessorphones.go:61.52,64.29 2 1
prayertexter/app/intercessorphones.go:64.29,65.17 1 1
prayertexter/app/intercessorphones.go:65.17,67.4 1 1
prayertexter/app/intercessorphones.go:70.2,70.22 1 1
prayertexter/app/intercessorphones.go:73.63,76.24 2 1
prayertexter/app/intercessorphones.go:76.24,80.3 3 1
prayertexter/app/intercessorphones.go:82.2,82.47 1 1
prayertexter/app/intercessorphones.go:82.47,85.3 2 1
prayertexter/app/intercessorphones.go:87.2,87.53 1 1
prayertexter/app/intercessorphones.go:87.53,89.45 2 1
prayertexter/app/intercessorphones.go:89.45,90.12 1 1
prayertexter/app/intercessorphones.go:92.3,92.49 1 1
prayertexter/app/intercessorphones.go:95.2,95.28 1 1
prayertexter/app/member.go:25.49,27.16 2 1
prayertexter/app/member.go:27.16,30.3 2 1
prayertexter/app/member.go:32.2,32.69 1 1
prayertexter/app/member.go:32.69,35.3 2 0
prayertexter/app/member.go:37.2,37.12 1 1
prayertexter/app/member.go:40.49,42.16 2 1
prayertexter/app/member.go:42.16,45.3 2 0
prayertexter/app/member.go:47.2,47.57 1 1
prayertexter/app/member.go:47.57,50.3 2 0
prayertexter/app/member.go:52.2,52.12 1 1
prayertexter/app/member.go:55.52,56.79 1 1
prayertexter/app/member.go:56.79,59.3 2 1
prayertexter/app/member.go:61.2,61.12 1 1
prayertexter/app/member.go:64.68,70.2 2 1
prayertexter/app/messaging.go:28.58,31.2 2 1
prayertexter/app/prayer.go:21.47,23.16 2 0
prayertexter/app/prayer.go:23.16,26.3 2 0
prayertexter/app/prayer.go:28.2,28.67 1 0
prayertexter/app/prayer.go:28.67,31.3 2 0
prayertexter/app/prayer.go:33.2,33.12 1 0
prayertexter/app/prayer.go:36.50,37.88 1 0
prayertexter/app/prayer.go:37.88,40.3 2 0
prayertexter/app/prayer.go:42.2,42.12 1 0
prayertexter/app/prayer.go:45.47,47.16 2 1
prayertexter/app/prayer.go:47.16,50.3 2 0
prayertexter/app/prayer.go:52.2,52.57 1 1
prayertexter/app/prayer.go:52.57,55.3 2 0
prayertexter/app/prayer.go:57.2,57.12 1 1
prayertexter/app/prayertexter.go:10.74,12.38 2 1
prayertexter/app/prayertexter.go:12.38,14.3 1 1
prayertexter/app/prayertexter.go:16.2,16.77 1 1
prayertexter/app/prayertexter.go:16.77,17.54 1 1
prayertexter/app/prayertexter.go:17.54,19.4 1 1
prayertexter/app/prayertexter.go:20.8,20.89 1 1
prayertexter/app/prayertexter.go:20.89,21.55 1 1
prayertexter/app/prayertexter.go:21.55,23.4 1 1
prayertexter/app/prayertexter.go:24.8,24.43 1 1
prayertexter/app/prayertexter.go:24.43,25.61 1 1
prayertexter/app/prayertexter.go:25.61,27.4 1 0
prayertexter/app/prayertexter.go:28.8,28.34 1 1
prayertexter/app/prayertexter.go:28.34,30.3 1 1
prayertexter/app/prayertexter.go:32.2,32.12 1 1
prayertexter/app/prayertexter.go:35.84,36.41 1 1
prayertexter/app/prayertexter.go:36.41,37.57 1 1
prayertexter/app/prayertexter.go:37.57,39.4 1 0
prayertexter/app/prayertexter.go:40.8,40.51 1 1
prayertexter/app/prayertexter.go:40.51,41.63 1 1
prayertexter/app/prayertexter.go:41.63,43.4 1 0
prayertexter/app/prayertexter.go:44.8,44.51 1 1
prayertexter/app/prayertexter.go:44.51,45.58 1 1
prayertexter/app/prayertexter.go:45.58,47.4 1 0
prayertexter/app/prayertexter.go:48.8,48.51 1 1
prayertexter/app/prayertexter.go:48.51,49.67 1 1
prayertexter/app/prayertexter.go:49.67,51.4 1 0
prayertexter/app/prayertexter.go:52.8,52.51 1 1
prayertexter/app/prayertexter.go:52.51,53.59 1 1
prayertexter/app/prayertexter.go:53.59,55.4 1 0
prayertexter/app/prayertexter.go:56.8,56.32 1 1
prayertexter/app/prayertexter.go:56.32,57.77 1 1
prayertexter/app/prayertexter.go:57.77,59.4 1 1
prayertexter/app/prayertexter.go:60.8,61.53 1 1
prayertexter/app/prayertexter.go:61.53,63.4 1 0
prayertexter/app/prayertexter.go:66.2,66.12 1 1
prayertexter/app/prayertexter.go:69.75,72.38 3 1
prayertexter/app/prayertexter.go:72.38,75.3 2 0
prayertexter/app/prayertexter.go:76.2,76.62 1 1
prayertexter/app/prayertexter.go:76.62,79.3 2 0
prayertexter/app/prayertexter.go:81.2,81.12 1 1
prayertexter/app/prayertexter.go:84.93,87.38 3 1
prayertexter/app/prayertexter.go:87.38,90.3 2 0
prayertexter/app/prayertexter.go:91.2,91.68 1 1
prayertexter/app/prayertexter.go:91.68,94.3 2 0
prayertexter/app/prayertexter.go:96.2,96.12 1 1
prayertexter/app/prayertexter.go:99.76,102.38 3 1
prayertexter/app/prayertexter.go:102.38,105.3 2 0
prayertexter/app/prayertexter.go:106.2,106.68 1 1
prayertexter/app/prayertexter.go:106.68,109.3 2 0
prayertexter/app/prayertexter.go:111.2,111.12 1 1
prayertexter/app/prayertexter.go:114.85,118.38 4 1
prayertexter/app/prayertexter.go:118.38,121.3 2 0
prayertexter/app/prayertexter.go:122.2,122.69 1 1
prayertexter/app/prayertexter.go:122.69,125.3 2 0
prayertexter/app/prayertexter.go:127.2,127.12 1 1
prayertexter/app/prayertexter.go:130.77,133.38 3 1
prayertexter/app/prayertexter.go:133.38,136.3 2 0
prayertexter/app/prayertexter.go:137.2,137.67 1 1
prayertexter/app/prayertexter.go:137.67,140.3 2 0
prayertexter/app/prayertexter.go:142.2,142.12 1 1
prayertexter/app/prayertexter.go:145.107,147.16 2 1
prayertexter/app/prayertexter.go:147.16,149.3 1 1
prayertexter/app/prayertexter.go:151.2,152.41 2 1
prayertexter/app/prayertexter.go:152.41,155.3 2 0
prayertexter/app/prayertexter.go:156.2,157.41 2 1
prayertexter/app/prayertexter.go:157.41,160.3 2 1
prayertexter/app/prayertexter.go:162.2,166.38 5 1
prayertexter/app/prayertexter.go:166.38,169.3 2 0
prayertexter/app/prayertexter.go:170.2,170.74 1 1
prayertexter/app/prayertexter.go:170.74,173.3 2 0
prayertexter/app/prayertexter.go:175.2,175.12 1 1
prayertexter/app/prayertexter.go:178.58,180.61 2 1
prayertexter/app/prayertexter.go:180.61,183.3 2 0
prayertexter/app/prayertexter.go:185.2,185.12 1 1
prayertexter/app/prayertexter.go:188.73,189.41 1 1
prayertexter/app/prayertexter.go:189.41,192.3 2 1
prayertexter/app/prayertexter.go:193.2,193.21 1 1
prayertexter/app/prayertexter.go:193.21,195.42 2 1
prayertexter/app/prayertexter.go:195.42,198.4 2 0
prayertexter/app/prayertexter.go:199.3,200.42 2 1
prayertexter/app/prayertexter.go:200.42,203.4 2 0
prayertexter/app/prayertexter.go:205.2,205.61 1 1
prayertexter/app/prayertexter.go:205.61,208.3 2 0
prayertexter/app/prayertexter.go:210.2,210.12 1 1
prayertexter/app/prayertexter.go:213.91,220.16 3 1
prayertexter/app/prayertexter.go:220.16,223.3 2 0
prayertexter/app/prayertexter.go:225.2,225.36 1 1
prayertexter/app/prayertexter.go:225.36,232.40 2 1
prayertexter/app/prayertexter.go:232.40,235.4 2 0
prayertexter/app/prayertexter.go:236.3,236.74 1 1
prayertexter/app/prayertexter.go:236.74,239.4 2 0
prayertexter/app/prayertexter.go:242.2,242.66 1 1
prayertexter/app/prayertexter.go:242.66,245.3 2 0
prayertexter/app/prayertexter.go:247.2,247.12 1 1
prayertexter/app/prayertexter.go:250.60,254.44 3 1
prayertexter/app/prayertexter.go:254.44,257.3 2 0
prayertexter/app/prayertexter.go:259.2,259.51 1 1
prayertexter/app/prayertexter.go:259.51,261.17 2 1
prayertexter/app/prayertexter.go:261.17,264.4 2 1
prayertexter/app/prayertexter.go:266.3,266.34 1 1
prayertexter/app/prayertexter.go:266.34,268.41 2 1
prayertexter/app/prayertexter.go:268.41,271.5 2 0
prayertexter/app/prayertexter.go:273.4,273.49 1 1
prayertexter/app/prayertexter.go:273.49,277.42 4 1
prayertexter/app/prayertexter.go:277.42,280.6 2 0
prayertexter/app/prayertexter.go:281.10,281.57 1 1
prayertexter/app/prayertexter.go:281.57,284.19 3 1
prayertexter/app/prayertexter.go:284.19,287.6 2 0
prayertexter/app/prayertexter.go:289.5,292.24 2 1
prayertexter/app/prayertexter.go:292.24,297.43 5 1
prayertexter/app/prayertexter.go:297.43,300.7 2 0
prayertexter/app/prayertexter.go:301.11,301.31 1 1
prayertexter/app/prayertexter.go:301.31,303.6 1 1
prayertexter/app/prayertexter.go:308.2,308.26 1 1
